{
  "numFailedTestSuites": 0,
  "numFailedTests": 0,
  "numPassedTestSuites": 49,
  "numPassedTests": 310,
  "numPendingTestSuites": 0,
  "numPendingTests": 0,
  "numRuntimeErrorTestSuites": 0,
  "numTodoTests": 0,
  "numTotalTestSuites": 49,
  "numTotalTests": 310,
  "openHandles": [],
  "snapshot": {
    "added": 0,
    "didUpdate": false,
    "failure": false,
    "filesAdded": 0,
    "filesRemoved": 0,
    "filesRemovedList": [],
    "filesUnmatched": 0,
    "filesUpdated": 0,
    "matched": 0,
    "total": 0,
    "unchecked": 0,
    "uncheckedKeysByFile": [],
    "unmatched": 0,
    "updated": 0
  },
  "startTime": 1651048282465,
  "success": false,
  "testResults": [
    {
      "leaks": false,
      "numFailingTests": 0,
      "numPassingTests": 13,
      "numPendingTests": 0,
      "numTodoTests": 0,
      "openHandles": [],
      "perfStats": {
        "end": 1651048283754,
        "runtime": 790,
        "slow": false,
        "start": 1651048282964
      },
      "skipped": false,
      "snapshot": {
        "added": 0,
        "fileDeleted": false,
        "matched": 0,
        "unchecked": 0,
        "uncheckedKeys": [],
        "unmatched": 0,
        "updated": 0
      },
      "testFilePath": "/Users/joerdis/Develop/steuerlotse/webapp/client/src/pages/SubmitAcknowledgePage.test.js",
      "testResults": [
        {
          "ancestorTitles": ["SubmitAcknowledgePage"],
          "duration": 133,
          "failureDetails": [],
          "failureMessages": [],
          "fullName": "SubmitAcknowledgePage should link to the previous page",
          "invocations": 1,
          "location": null,
          "numPassingAsserts": 0,
          "status": "passed",
          "title": "should link to the previous page"
        },
        {
          "ancestorTitles": ["SubmitAcknowledgePage"],
          "duration": 6,
          "failureDetails": [],
          "failureMessages": [],
          "fullName": "SubmitAcknowledgePage should link to logout in text",
          "invocations": 1,
          "location": null,
          "numPassingAsserts": 0,
          "status": "passed",
          "title": "should link to logout in text"
        },
        {
          "ancestorTitles": ["SubmitAcknowledgePage"],
          "duration": 5,
          "failureDetails": [],
          "failureMessages": [],
          "fullName": "SubmitAcknowledgePage should render facebook icon",
          "invocations": 1,
          "location": null,
          "numPassingAsserts": 0,
          "status": "passed",
          "title": "should render facebook icon"
        },
        {
          "ancestorTitles": ["SubmitAcknowledgePage"],
          "duration": 4,
          "failureDetails": [],
          "failureMessages": [],
          "fullName": "SubmitAcknowledgePage should render email icon",
          "invocations": 1,
          "location": null,
          "numPassingAsserts": 0,
          "status": "passed",
          "title": "should render email icon"
        },
        {
          "ancestorTitles": ["SubmitAcknowledgePage translations"],
          "duration": 4,
          "failureDetails": [],
          "failureMessages": [],
          "fullName": "SubmitAcknowledgePage translations should render step header texts",
          "invocations": 1,
          "location": null,
          "numPassingAsserts": 0,
          "status": "passed",
          "title": "should render step header texts"
        },
        {
          "ancestorTitles": ["SubmitAcknowledgePage translations"],
          "duration": 4,
          "failureDetails": [],
          "failureMessages": [],
          "fullName": "SubmitAcknowledgePage translations should render next steps header",
          "invocations": 1,
          "location": null,
          "numPassingAsserts": 0,
          "status": "passed",
          "title": "should render next steps header"
        },
        {
          "ancestorTitles": ["SubmitAcknowledgePage translations"],
          "duration": 4,
          "failureDetails": [],
          "failureMessages": [],
          "fullName": "SubmitAcknowledgePage translations should render next steps text",
          "invocations": 1,
          "location": null,
          "numPassingAsserts": 0,
          "status": "passed",
          "title": "should render next steps text"
        },
        {
          "ancestorTitles": ["SubmitAcknowledgePage translations"],
          "duration": 3,
          "failureDetails": [],
          "failureMessages": [],
          "fullName": "SubmitAcknowledgePage translations should render recommend header",
          "invocations": 1,
          "location": null,
          "numPassingAsserts": 0,
          "status": "passed",
          "title": "should render recommend header"
        },
        {
          "ancestorTitles": ["SubmitAcknowledgePage translations"],
          "duration": 3,
          "failureDetails": [],
          "failureMessages": [],
          "fullName": "SubmitAcknowledgePage translations should render recommend text",
          "invocations": 1,
          "location": null,
          "numPassingAsserts": 0,
          "status": "passed",
          "title": "should render recommend text"
        },
        {
          "ancestorTitles": ["SubmitAcknowledgePage translations"],
          "duration": 3,
          "failureDetails": [],
          "failureMessages": [],
          "fullName": "SubmitAcknowledgePage translations should render logout header",
          "invocations": 1,
          "location": null,
          "numPassingAsserts": 0,
          "status": "passed",
          "title": "should render logout header"
        },
        {
          "ancestorTitles": ["SubmitAcknowledgePage translations"],
          "duration": 3,
          "failureDetails": [],
          "failureMessages": [],
          "fullName": "SubmitAcknowledgePage translations should render logout text",
          "invocations": 1,
          "location": null,
          "numPassingAsserts": 0,
          "status": "passed",
          "title": "should render logout text"
        },
        {
          "ancestorTitles": ["SubmitAcknowledgePage with plausible domain"],
          "duration": 68,
          "failureDetails": [],
          "failureMessages": [],
          "fullName": "SubmitAcknowledgePage with plausible domain should add plausible goal for facebook click",
          "invocations": 1,
          "location": null,
          "numPassingAsserts": 0,
          "status": "passed",
          "title": "should add plausible goal for facebook click"
        },
        {
          "ancestorTitles": ["SubmitAcknowledgePage with plausible domain"],
          "duration": 30,
          "failureDetails": [],
          "failureMessages": [],
          "fullName": "SubmitAcknowledgePage with plausible domain should add plausible goal for email click",
          "invocations": 1,
          "location": null,
          "numPassingAsserts": 0,
          "status": "passed",
          "title": "should add plausible goal for email click"
        }
      ],
      "failureMessage": null
    },
    {
      "leaks": false,
      "numFailingTests": 0,
      "numPassingTests": 12,
      "numPendingTests": 0,
      "numTodoTests": 0,
      "openHandles": [],
      "perfStats": {
        "end": 1651048283932,
        "runtime": 924,
        "slow": false,
        "start": 1651048283008
      },
      "skipped": false,
      "snapshot": {
        "added": 0,
        "fileDeleted": false,
        "matched": 0,
        "unchecked": 0,
        "uncheckedKeys": [],
        "unmatched": 0,
        "updated": 0
      },
      "testFilePath": "/Users/joerdis/Develop/steuerlotse/webapp/client/src/components/FormFieldYesNo.test.js",
      "testResults": [
        {
          "ancestorTitles": ["FormFieldYesNo", "When Ja clicked"],
          "duration": 109,
          "failureDetails": [],
          "failureMessages": [],
          "fullName": "FormFieldYesNo When Ja clicked should activate Ja field",
          "invocations": 1,
          "location": null,
          "numPassingAsserts": 0,
          "status": "passed",
          "title": "should activate Ja field"
        },
        {
          "ancestorTitles": ["FormFieldYesNo", "When Ja clicked"],
          "duration": 41,
          "failureDetails": [],
          "failureMessages": [],
          "fullName": "FormFieldYesNo When Ja clicked should be checked",
          "invocations": 1,
          "location": null,
          "numPassingAsserts": 0,
          "status": "passed",
          "title": "should be checked"
        },
        {
          "ancestorTitles": ["FormFieldYesNo", "When Ja clicked"],
          "duration": 29,
          "failureDetails": [],
          "failureMessages": [],
          "fullName": "FormFieldYesNo When Ja clicked should not set active class on Nein field",
          "invocations": 1,
          "location": null,
          "numPassingAsserts": 0,
          "status": "passed",
          "title": "should not set active class on Nein field"
        },
        {
          "ancestorTitles": ["FormFieldYesNo", "When Ja clicked"],
          "duration": 32,
          "failureDetails": [],
          "failureMessages": [],
          "fullName": "FormFieldYesNo When Ja clicked should call the change handler with yes",
          "invocations": 1,
          "location": null,
          "numPassingAsserts": 0,
          "status": "passed",
          "title": "should call the change handler with yes"
        },
        {
          "ancestorTitles": ["FormFieldYesNo", "When Nein clicked"],
          "duration": 22,
          "failureDetails": [],
          "failureMessages": [],
          "fullName": "FormFieldYesNo When Nein clicked should activate Nein field",
          "invocations": 1,
          "location": null,
          "numPassingAsserts": 0,
          "status": "passed",
          "title": "should activate Nein field"
        },
        {
          "ancestorTitles": ["FormFieldYesNo", "When Nein clicked"],
          "duration": 16,
          "failureDetails": [],
          "failureMessages": [],
          "fullName": "FormFieldYesNo When Nein clicked should check Nein Field",
          "invocations": 1,
          "location": null,
          "numPassingAsserts": 0,
          "status": "passed",
          "title": "should check Nein Field"
        },
        {
          "ancestorTitles": ["FormFieldYesNo", "When Nein clicked"],
          "duration": 13,
          "failureDetails": [],
          "failureMessages": [],
          "fullName": "FormFieldYesNo When Nein clicked should not activate Ja field",
          "invocations": 1,
          "location": null,
          "numPassingAsserts": 0,
          "status": "passed",
          "title": "should not activate Ja field"
        },
        {
          "ancestorTitles": ["FormFieldYesNo", "When Nein clicked"],
          "duration": 15,
          "failureDetails": [],
          "failureMessages": [],
          "fullName": "FormFieldYesNo When Nein clicked should call the change handler with no",
          "invocations": 1,
          "location": null,
          "numPassingAsserts": 0,
          "status": "passed",
          "title": "should call the change handler with no"
        },
        {
          "ancestorTitles": ["FormFieldYesNo", "When using keyboard input"],
          "duration": 14,
          "failureDetails": [],
          "failureMessages": [],
          "fullName": "FormFieldYesNo When using keyboard input should set focus on yes field when pressing tab",
          "invocations": 1,
          "location": null,
          "numPassingAsserts": 0,
          "status": "passed",
          "title": "should set focus on yes field when pressing tab"
        },
        {
          "ancestorTitles": ["FormFieldYesNo", "When using keyboard input"],
          "duration": 19,
          "failureDetails": [],
          "failureMessages": [],
          "fullName": "FormFieldYesNo When using keyboard input should keep focus on yes field when pressing tab and then space",
          "invocations": 1,
          "location": null,
          "numPassingAsserts": 0,
          "status": "passed",
          "title": "should keep focus on yes field when pressing tab and then space"
        },
        {
          "ancestorTitles": ["FormFieldYesNo", "When using keyboard input"],
          "duration": 14,
          "failureDetails": [],
          "failureMessages": [],
          "fullName": "FormFieldYesNo When using keyboard input should activate Ja Field when pressing tab and then space",
          "invocations": 1,
          "location": null,
          "numPassingAsserts": 0,
          "status": "passed",
          "title": "should activate Ja Field when pressing tab and then space"
        },
        {
          "ancestorTitles": ["FormFieldYesNo", "When using keyboard input"],
          "duration": 27,
          "failureDetails": [],
          "failureMessages": [],
          "fullName": "FormFieldYesNo When using keyboard input should check Ja Field when pressing tab and then space",
          "invocations": 1,
          "location": null,
          "numPassingAsserts": 0,
          "status": "passed",
          "title": "should check Ja Field when pressing tab and then space"
        }
      ],
      "failureMessage": null
    },
    {
      "leaks": false,
      "numFailingTests": 0,
      "numPassingTests": 8,
      "numPendingTests": 0,
      "numTodoTests": 0,
      "openHandles": [],
      "perfStats": {
        "end": 1651048283982,
        "runtime": 1022,
        "slow": false,
        "start": 1651048282960
      },
      "skipped": false,
      "snapshot": {
        "added": 0,
        "fileDeleted": false,
        "matched": 0,
        "unchecked": 0,
        "uncheckedKeys": [],
        "unmatched": 0,
        "updated": 0
      },
      "testFilePath": "/Users/joerdis/Develop/steuerlotse/webapp/client/src/components/FormFieldTextInput.test.js",
      "testResults": [
        {
          "ancestorTitles": ["FormFieldTextInput", "When default props used"],
          "duration": 93,
          "failureDetails": [],
          "failureMessages": [],
          "fullName": "FormFieldTextInput When default props used should set focus on field when pressing tab",
          "invocations": 1,
          "location": null,
          "numPassingAsserts": 0,
          "status": "passed",
          "title": "should set focus on field when pressing tab"
        },
        {
          "ancestorTitles": ["FormFieldTextInput", "When default props used"],
          "duration": 55,
          "failureDetails": [],
          "failureMessages": [],
          "fullName": "FormFieldTextInput When default props used should enter keyboard input into input after pressing tab",
          "invocations": 1,
          "location": null,
          "numPassingAsserts": 0,
          "status": "passed",
          "title": "should enter keyboard input into input after pressing tab"
        },
        {
          "ancestorTitles": ["FormFieldTextInput", "When default props used"],
          "duration": 22,
          "failureDetails": [],
          "failureMessages": [],
          "fullName": "FormFieldTextInput When default props used Should remove focus from field when pressing tab two times",
          "invocations": 1,
          "location": null,
          "numPassingAsserts": 0,
          "status": "passed",
          "title": "Should remove focus from field when pressing tab two times"
        },
        {
          "ancestorTitles": ["FormFieldTextInput", "When fieldWidth given"],
          "duration": 111,
          "failureDetails": [],
          "failureMessages": [],
          "fullName": "FormFieldTextInput When fieldWidth given should not limit input of values",
          "invocations": 1,
          "location": null,
          "numPassingAsserts": 0,
          "status": "passed",
          "title": "should not limit input of values"
        },
        {
          "ancestorTitles": ["FormFieldTextInput", "When fieldWidth given"],
          "duration": 3,
          "failureDetails": [],
          "failureMessages": [],
          "fullName": "FormFieldTextInput When fieldWidth given should set width class",
          "invocations": 1,
          "location": null,
          "numPassingAsserts": 0,
          "status": "passed",
          "title": "should set width class"
        },
        {
          "ancestorTitles": ["FormFieldTextInput", "When maxLength given"],
          "duration": 91,
          "failureDetails": [],
          "failureMessages": [],
          "fullName": "FormFieldTextInput When maxLength given should limit input of values",
          "invocations": 1,
          "location": null,
          "numPassingAsserts": 0,
          "status": "passed",
          "title": "should limit input of values"
        },
        {
          "ancestorTitles": ["FormFieldTextInput", "When maxLength given"],
          "duration": 3,
          "failureDetails": [],
          "failureMessages": [],
          "fullName": "FormFieldTextInput When maxLength given should not set width class",
          "invocations": 1,
          "location": null,
          "numPassingAsserts": 0,
          "status": "passed",
          "title": "should not set width class"
        },
        {
          "ancestorTitles": ["FormFieldTextInput", "When maxLength given"],
          "duration": 16,
          "failureDetails": [],
          "failureMessages": [],
          "fullName": "FormFieldTextInput When maxLength given should enter keyboard input into input after pressing tab",
          "invocations": 1,
          "location": null,
          "numPassingAsserts": 0,
          "status": "passed",
          "title": "should enter keyboard input into input after pressing tab"
        }
      ],
      "failureMessage": null
    },
    {
      "leaks": false,
      "numFailingTests": 0,
      "numPassingTests": 7,
      "numPendingTests": 0,
      "numTodoTests": 0,
      "openHandles": [],
      "perfStats": {
        "end": 1651048283985,
        "runtime": 1020,
        "slow": false,
        "start": 1651048282965
      },
      "skipped": false,
      "snapshot": {
        "added": 0,
        "fileDeleted": false,
        "matched": 0,
        "unchecked": 0,
        "uncheckedKeys": [],
        "unmatched": 0,
        "updated": 0
      },
      "testFilePath": "/Users/joerdis/Develop/steuerlotse/webapp/client/src/components/FormFieldRadioGroup.test.js",
      "testResults": [
        {
          "ancestorTitles": ["FormFieldRadioGroup"],
          "duration": 126,
          "failureDetails": [],
          "failureMessages": [],
          "fullName": "FormFieldRadioGroup correct input is selected, when label is clicked",
          "invocations": 1,
          "location": null,
          "numPassingAsserts": 0,
          "status": "passed",
          "title": "correct input is selected, when label is clicked"
        },
        {
          "ancestorTitles": ["FormFieldRadioGroup"],
          "duration": 102,
          "failureDetails": [],
          "failureMessages": [],
          "fullName": "FormFieldRadioGroup should only select second option",
          "invocations": 1,
          "location": null,
          "numPassingAsserts": 0,
          "status": "passed",
          "title": "should only select second option"
        },
        {
          "ancestorTitles": ["FormFieldRadioGroup"],
          "duration": 27,
          "failureDetails": [],
          "failureMessages": [],
          "fullName": "FormFieldRadioGroup should call the change handler with B, when second option has been selected",
          "invocations": 1,
          "location": null,
          "numPassingAsserts": 0,
          "status": "passed",
          "title": "should call the change handler with B, when second option has been selected"
        },
        {
          "ancestorTitles": ["FormFieldRadioGroup"],
          "duration": 43,
          "failureDetails": [],
          "failureMessages": [],
          "fullName": "FormFieldRadioGroup should set focus on first radio button, when pressing tab",
          "invocations": 1,
          "location": null,
          "numPassingAsserts": 0,
          "status": "passed",
          "title": "should set focus on first radio button, when pressing tab"
        },
        {
          "ancestorTitles": ["FormFieldRadioGroup"],
          "duration": 92,
          "failureDetails": [],
          "failureMessages": [],
          "fullName": "FormFieldRadioGroup should remove focus from all radio buttons, when pressing tab two times",
          "invocations": 1,
          "location": null,
          "numPassingAsserts": 0,
          "status": "passed",
          "title": "should remove focus from all radio buttons, when pressing tab two times"
        },
        {
          "ancestorTitles": ["FormFieldRadioGroup with errors"],
          "duration": 12,
          "failureDetails": [],
          "failureMessages": [],
          "fullName": "FormFieldRadioGroup with errors should show error inside of fieldset",
          "invocations": 1,
          "location": null,
          "numPassingAsserts": 0,
          "status": "passed",
          "title": "should show error inside of fieldset"
        },
        {
          "ancestorTitles": ["FormFieldRadioGroup with errors"],
          "duration": 19,
          "failureDetails": [],
          "failureMessages": [],
          "fullName": "FormFieldRadioGroup with errors should have autofocus on first radio button",
          "invocations": 1,
          "location": null,
          "numPassingAsserts": 0,
          "status": "passed",
          "title": "should have autofocus on first radio button"
        }
      ],
      "failureMessage": null
    },
    {
      "leaks": false,
      "numFailingTests": 0,
      "numPassingTests": 13,
      "numPendingTests": 0,
      "numTodoTests": 0,
      "openHandles": [],
      "perfStats": {
        "end": 1651048284074,
        "runtime": 1116,
        "slow": false,
        "start": 1651048282958
      },
      "skipped": false,
      "snapshot": {
        "added": 0,
        "fileDeleted": false,
        "matched": 0,
        "unchecked": 0,
        "uncheckedKeys": [],
        "unmatched": 0,
        "updated": 0
      },
      "testFilePath": "/Users/joerdis/Develop/steuerlotse/webapp/client/src/components/FormFieldEuroInput.test.js",
      "testResults": [
        {
          "ancestorTitles": ["FormFieldEuroInput", "When default props used"],
          "duration": 189,
          "failureDetails": [],
          "failureMessages": [],
          "fullName": "FormFieldEuroInput When default props used should not allow input of text",
          "invocations": 1,
          "location": null,
          "numPassingAsserts": 0,
          "status": "passed",
          "title": "should not allow input of text"
        },
        {
          "ancestorTitles": ["FormFieldEuroInput", "When default props used"],
          "duration": 39,
          "failureDetails": [],
          "failureMessages": [],
          "fullName": "FormFieldEuroInput When default props used should allow comma as input",
          "invocations": 1,
          "location": null,
          "numPassingAsserts": 0,
          "status": "passed",
          "title": "should allow comma as input"
        },
        {
          "ancestorTitles": ["FormFieldEuroInput", "When default props used"],
          "duration": 48,
          "failureDetails": [],
          "failureMessages": [],
          "fullName": "FormFieldEuroInput When default props used should allow point as thousands separator input",
          "invocations": 1,
          "location": null,
          "numPassingAsserts": 0,
          "status": "passed",
          "title": "should allow point as thousands separator input"
        },
        {
          "ancestorTitles": ["FormFieldEuroInput", "When default props used"],
          "duration": 37,
          "failureDetails": [],
          "failureMessages": [],
          "fullName": "FormFieldEuroInput When default props used should not allow more than 2 decimal places",
          "invocations": 1,
          "location": null,
          "numPassingAsserts": 0,
          "status": "passed",
          "title": "should not allow more than 2 decimal places"
        },
        {
          "ancestorTitles": ["FormFieldEuroInput", "When default props used"],
          "duration": 11,
          "failureDetails": [],
          "failureMessages": [],
          "fullName": "FormFieldEuroInput When default props used should set focus on textbox field when pressing tab",
          "invocations": 1,
          "location": null,
          "numPassingAsserts": 0,
          "status": "passed",
          "title": "should set focus on textbox field when pressing tab"
        },
        {
          "ancestorTitles": ["FormFieldEuroInput", "When default props used"],
          "duration": 24,
          "failureDetails": [],
          "failureMessages": [],
          "fullName": "FormFieldEuroInput When default props used should enter keyboard input into input after pressing tab",
          "invocations": 1,
          "location": null,
          "numPassingAsserts": 0,
          "status": "passed",
          "title": "should enter keyboard input into input after pressing tab"
        },
        {
          "ancestorTitles": ["FormFieldEuroInput", "When default props used"],
          "duration": 19,
          "failureDetails": [],
          "failureMessages": [],
          "fullName": "FormFieldEuroInput When default props used should remove focus from textbox field when pressing tab two times",
          "invocations": 1,
          "location": null,
          "numPassingAsserts": 0,
          "status": "passed",
          "title": "should remove focus from textbox field when pressing tab two times"
        },
        {
          "ancestorTitles": ["FormFieldEuroInput", "When default props used"],
          "duration": 19,
          "failureDetails": [],
          "failureMessages": [],
          "fullName": "FormFieldEuroInput When default props used should pad fractional zeroes when focus is lost",
          "invocations": 1,
          "location": null,
          "numPassingAsserts": 0,
          "status": "passed",
          "title": "should pad fractional zeroes when focus is lost"
        },
        {
          "ancestorTitles": ["FormFieldEuroInput", "When fieldWidth given"],
          "duration": 34,
          "failureDetails": [],
          "failureMessages": [],
          "fullName": "FormFieldEuroInput When fieldWidth given should not limit input of values",
          "invocations": 1,
          "location": null,
          "numPassingAsserts": 0,
          "status": "passed",
          "title": "should not limit input of values"
        },
        {
          "ancestorTitles": ["FormFieldEuroInput", "When fieldWidth given"],
          "duration": 4,
          "failureDetails": [],
          "failureMessages": [],
          "fullName": "FormFieldEuroInput When fieldWidth given should set width class",
          "invocations": 1,
          "location": null,
          "numPassingAsserts": 0,
          "status": "passed",
          "title": "should set width class"
        },
        {
          "ancestorTitles": ["FormFieldEuroInput", "When maxLength given"],
          "duration": 43,
          "failureDetails": [],
          "failureMessages": [],
          "fullName": "FormFieldEuroInput When maxLength given should limit pre-decimals but not decimals",
          "invocations": 1,
          "location": null,
          "numPassingAsserts": 0,
          "status": "passed",
          "title": "should limit pre-decimals but not decimals"
        },
        {
          "ancestorTitles": ["FormFieldEuroInput", "When maxLength given"],
          "duration": 4,
          "failureDetails": [],
          "failureMessages": [],
          "fullName": "FormFieldEuroInput When maxLength given should not set width class",
          "invocations": 1,
          "location": null,
          "numPassingAsserts": 0,
          "status": "passed",
          "title": "should not set width class"
        },
        {
          "ancestorTitles": ["FormFieldEuroInput", "When maxLength given"],
          "duration": 32,
          "failureDetails": [],
          "failureMessages": [],
          "fullName": "FormFieldEuroInput When maxLength given should limit input of values when using keyboard",
          "invocations": 1,
          "location": null,
          "numPassingAsserts": 0,
          "status": "passed",
          "title": "should limit input of values when using keyboard"
        }
      ],
      "failureMessage": null
    },
    {
      "leaks": false,
      "numFailingTests": 0,
      "numPassingTests": 17,
      "numPendingTests": 0,
      "numTodoTests": 0,
      "openHandles": [],
      "perfStats": {
        "end": 1651048284152,
        "runtime": 1204,
        "slow": false,
        "start": 1651048282948
      },
      "skipped": false,
      "snapshot": {
        "added": 0,
        "fileDeleted": false,
        "matched": 0,
        "unchecked": 0,
        "uncheckedKeys": [],
        "unmatched": 0,
        "updated": 0
      },
      "testFilePath": "/Users/joerdis/Develop/steuerlotse/webapp/client/src/pages/TaxNumberPage.test.js",
      "testResults": [
        {
          "ancestorTitles": [
            "TaxNumberPage",
            "TaxNumberPage default without user selection"
          ],
          "duration": 157,
          "failureDetails": [],
          "failureMessages": [],
          "fullName": "TaxNumberPage TaxNumberPage default without user selection should show question for tax number",
          "invocations": 1,
          "location": null,
          "numPassingAsserts": 0,
          "status": "passed",
          "title": "should show question for tax number"
        },
        {
          "ancestorTitles": [
            "TaxNumberPage",
            "TaxNumberPage default without user selection"
          ],
          "duration": 14,
          "failureDetails": [],
          "failureMessages": [],
          "fullName": "TaxNumberPage TaxNumberPage default without user selection should not show state selection",
          "invocations": 1,
          "location": null,
          "numPassingAsserts": 0,
          "status": "passed",
          "title": "should not show state selection"
        },
        {
          "ancestorTitles": [
            "TaxNumberPage",
            "TaxNumberPage default without user selection"
          ],
          "duration": 12,
          "failureDetails": [],
          "failureMessages": [],
          "fullName": "TaxNumberPage TaxNumberPage default without user selection should not show tax number input",
          "invocations": 1,
          "location": null,
          "numPassingAsserts": 0,
          "status": "passed",
          "title": "should not show tax number input"
        },
        {
          "ancestorTitles": [
            "TaxNumberPage",
            "TaxNumberPage default without user selection"
          ],
          "duration": 5,
          "failureDetails": [],
          "failureMessages": [],
          "fullName": "TaxNumberPage TaxNumberPage default without user selection should not show tax office selection",
          "invocations": 1,
          "location": null,
          "numPassingAsserts": 0,
          "status": "passed",
          "title": "should not show tax office selection"
        },
        {
          "ancestorTitles": [
            "TaxNumberPage",
            "TaxNumberPage default without user selection"
          ],
          "duration": 6,
          "failureDetails": [],
          "failureMessages": [],
          "fullName": "TaxNumberPage TaxNumberPage default without user selection should not show confirmation field",
          "invocations": 1,
          "location": null,
          "numPassingAsserts": 0,
          "status": "passed",
          "title": "should not show confirmation field"
        },
        {
          "ancestorTitles": [
            "TaxNumberPage",
            "TaxNumberPage if user has a tax number"
          ],
          "duration": 14,
          "failureDetails": [],
          "failureMessages": [],
          "fullName": "TaxNumberPage TaxNumberPage if user has a tax number should show question for tax number",
          "invocations": 1,
          "location": null,
          "numPassingAsserts": 0,
          "status": "passed",
          "title": "should show question for tax number"
        },
        {
          "ancestorTitles": [
            "TaxNumberPage",
            "TaxNumberPage if user has a tax number"
          ],
          "duration": 95,
          "failureDetails": [],
          "failureMessages": [],
          "fullName": "TaxNumberPage TaxNumberPage if user has a tax number should show state selection",
          "invocations": 1,
          "location": null,
          "numPassingAsserts": 0,
          "status": "passed",
          "title": "should show state selection"
        },
        {
          "ancestorTitles": [
            "TaxNumberPage",
            "TaxNumberPage if user has a tax number"
          ],
          "duration": 7,
          "failureDetails": [],
          "failureMessages": [],
          "fullName": "TaxNumberPage TaxNumberPage if user has a tax number should not show tax number input",
          "invocations": 1,
          "location": null,
          "numPassingAsserts": 0,
          "status": "passed",
          "title": "should not show tax number input"
        },
        {
          "ancestorTitles": [
            "TaxNumberPage",
            "TaxNumberPage if user has a tax number"
          ],
          "duration": 10,
          "failureDetails": [],
          "failureMessages": [],
          "fullName": "TaxNumberPage TaxNumberPage if user has a tax number should not show tax office selection",
          "invocations": 1,
          "location": null,
          "numPassingAsserts": 0,
          "status": "passed",
          "title": "should not show tax office selection"
        },
        {
          "ancestorTitles": [
            "TaxNumberPage",
            "TaxNumberPage if user has a tax number"
          ],
          "duration": 5,
          "failureDetails": [],
          "failureMessages": [],
          "fullName": "TaxNumberPage TaxNumberPage if user has a tax number Should not show confirmation field",
          "invocations": 1,
          "location": null,
          "numPassingAsserts": 0,
          "status": "passed",
          "title": "Should not show confirmation field"
        },
        {
          "ancestorTitles": [
            "TaxNumberPage",
            "TaxNumberPage if user does not have a tax number"
          ],
          "duration": 6,
          "failureDetails": [],
          "failureMessages": [],
          "fullName": "TaxNumberPage TaxNumberPage if user does not have a tax number should show question for tax number",
          "invocations": 1,
          "location": null,
          "numPassingAsserts": 0,
          "status": "passed",
          "title": "should show question for tax number"
        },
        {
          "ancestorTitles": [
            "TaxNumberPage",
            "TaxNumberPage if user does not have a tax number"
          ],
          "duration": 38,
          "failureDetails": [],
          "failureMessages": [],
          "fullName": "TaxNumberPage TaxNumberPage if user does not have a tax number should show state selection",
          "invocations": 1,
          "location": null,
          "numPassingAsserts": 0,
          "status": "passed",
          "title": "should show state selection"
        },
        {
          "ancestorTitles": [
            "TaxNumberPage",
            "TaxNumberPage if user does not have a tax number"
          ],
          "duration": 4,
          "failureDetails": [],
          "failureMessages": [],
          "fullName": "TaxNumberPage TaxNumberPage if user does not have a tax number does not show tax number input",
          "invocations": 1,
          "location": null,
          "numPassingAsserts": 0,
          "status": "passed",
          "title": "does not show tax number input"
        },
        {
          "ancestorTitles": [
            "TaxNumberPage",
            "TaxNumberPage if user does not have a tax number"
          ],
          "duration": 5,
          "failureDetails": [],
          "failureMessages": [],
          "fullName": "TaxNumberPage TaxNumberPage if user does not have a tax number does not show tax office selection",
          "invocations": 1,
          "location": null,
          "numPassingAsserts": 0,
          "status": "passed",
          "title": "does not show tax office selection"
        },
        {
          "ancestorTitles": [
            "TaxNumberPage",
            "TaxNumberPage if user does not have a tax number"
          ],
          "duration": 4,
          "failureDetails": [],
          "failureMessages": [],
          "fullName": "TaxNumberPage TaxNumberPage if user does not have a tax number does not show confirmation field",
          "invocations": 1,
          "location": null,
          "numPassingAsserts": 0,
          "status": "passed",
          "title": "does not show confirmation field"
        },
        {
          "ancestorTitles": ["TaxNumberPage with tax number set"],
          "duration": 97,
          "failureDetails": [],
          "failureMessages": [],
          "fullName": "TaxNumberPage with tax number set Should enter the correct default values into the taxnumber inputs",
          "invocations": 1,
          "location": null,
          "numPassingAsserts": 0,
          "status": "passed",
          "title": "Should enter the correct default values into the taxnumber inputs"
        },
        {
          "ancestorTitles": ["TaxNumberPage with tax number set"],
          "duration": 112,
          "failureDetails": [],
          "failureMessages": [],
          "fullName": "TaxNumberPage with tax number set Should show keep tax number if state changes",
          "invocations": 1,
          "location": null,
          "numPassingAsserts": 0,
          "status": "passed",
          "title": "Should show keep tax number if state changes"
        }
      ],
      "failureMessage": null
    },
    {
      "leaks": false,
      "numFailingTests": 0,
      "numPassingTests": 6,
      "numPendingTests": 0,
      "numTodoTests": 0,
      "openHandles": [],
      "perfStats": {
        "end": 1651048284373,
        "runtime": 369,
        "slow": false,
        "start": 1651048284004
      },
      "skipped": false,
      "snapshot": {
        "added": 0,
        "fileDeleted": false,
        "matched": 0,
        "unchecked": 0,
        "uncheckedKeys": [],
        "unmatched": 0,
        "updated": 0
      },
      "testFilePath": "/Users/joerdis/Develop/steuerlotse/webapp/client/src/pages/HasDisabilityPage.test.js",
      "testResults": [
        {
          "ancestorTitles": ["HasDisabilityPage for single person"],
          "duration": 55,
          "failureDetails": [],
          "failureMessages": [],
          "fullName": "HasDisabilityPage for single person should render title",
          "invocations": 1,
          "location": null,
          "numPassingAsserts": 0,
          "status": "passed",
          "title": "should render title"
        },
        {
          "ancestorTitles": ["HasDisabilityPage for single person"],
          "duration": 6,
          "failureDetails": [],
          "failureMessages": [],
          "fullName": "HasDisabilityPage for single person should render headerIntro",
          "invocations": 1,
          "location": null,
          "numPassingAsserts": 0,
          "status": "passed",
          "title": "should render headerIntro"
        },
        {
          "ancestorTitles": ["HasDisabilityPage for single person"],
          "duration": 54,
          "failureDetails": [],
          "failureMessages": [],
          "fullName": "HasDisabilityPage for single person should render selected value yes",
          "invocations": 1,
          "location": null,
          "numPassingAsserts": 0,
          "status": "passed",
          "title": "should render selected value yes"
        },
        {
          "ancestorTitles": ["HasDisabilityPage for single person"],
          "duration": 6,
          "failureDetails": [],
          "failureMessages": [],
          "fullName": "HasDisabilityPage for single person should render yes and no input",
          "invocations": 1,
          "location": null,
          "numPassingAsserts": 0,
          "status": "passed",
          "title": "should render yes and no input"
        },
        {
          "ancestorTitles": ["HasDisabilityPage for single person"],
          "duration": 15,
          "failureDetails": [],
          "failureMessages": [],
          "fullName": "HasDisabilityPage for single person should render prev url link",
          "invocations": 1,
          "location": null,
          "numPassingAsserts": 0,
          "status": "passed",
          "title": "should render prev url link"
        },
        {
          "ancestorTitles": ["HasDisabilityPage no disability"],
          "duration": 28,
          "failureDetails": [],
          "failureMessages": [],
          "fullName": "HasDisabilityPage no disability should render selected value no",
          "invocations": 1,
          "location": null,
          "numPassingAsserts": 0,
          "status": "passed",
          "title": "should render selected value no"
        }
      ],
      "failureMessage": null
    },
    {
      "leaks": false,
      "numFailingTests": 0,
      "numPassingTests": 10,
      "numPendingTests": 0,
      "numTodoTests": 0,
      "openHandles": [],
      "perfStats": {
        "end": 1651048284388,
        "runtime": 604,
        "slow": false,
        "start": 1651048283784
      },
      "skipped": false,
      "snapshot": {
        "added": 0,
        "fileDeleted": false,
        "matched": 0,
        "unchecked": 0,
        "uncheckedKeys": [],
        "unmatched": 0,
        "updated": 0
      },
      "testFilePath": "/Users/joerdis/Develop/steuerlotse/webapp/client/src/components/FormFieldIntegerInput.test.js",
      "testResults": [
        {
          "ancestorTitles": [
            "FormFieldIntegerInput",
            "When default props used"
          ],
          "duration": 117,
          "failureDetails": [],
          "failureMessages": [],
          "fullName": "FormFieldIntegerInput When default props used should not allow input of text",
          "invocations": 1,
          "location": null,
          "numPassingAsserts": 0,
          "status": "passed",
          "title": "should not allow input of text"
        },
        {
          "ancestorTitles": [
            "FormFieldIntegerInput",
            "When default props used"
          ],
          "duration": 39,
          "failureDetails": [],
          "failureMessages": [],
          "fullName": "FormFieldIntegerInput When default props used should not allow input of comma",
          "invocations": 1,
          "location": null,
          "numPassingAsserts": 0,
          "status": "passed",
          "title": "should not allow input of comma"
        },
        {
          "ancestorTitles": [
            "FormFieldIntegerInput",
            "When default props used"
          ],
          "duration": 10,
          "failureDetails": [],
          "failureMessages": [],
          "fullName": "FormFieldIntegerInput When default props used should set focus on textbox field when pressing tab",
          "invocations": 1,
          "location": null,
          "numPassingAsserts": 0,
          "status": "passed",
          "title": "should set focus on textbox field when pressing tab"
        },
        {
          "ancestorTitles": [
            "FormFieldIntegerInput",
            "When default props used"
          ],
          "duration": 28,
          "failureDetails": [],
          "failureMessages": [],
          "fullName": "FormFieldIntegerInput When default props used should enter keyboard input into input after pressing tab",
          "invocations": 1,
          "location": null,
          "numPassingAsserts": 0,
          "status": "passed",
          "title": "should enter keyboard input into input after pressing tab"
        },
        {
          "ancestorTitles": [
            "FormFieldIntegerInput",
            "When default props used"
          ],
          "duration": 26,
          "failureDetails": [],
          "failureMessages": [],
          "fullName": "FormFieldIntegerInput When default props used should remove focus from field when pressing tab two times",
          "invocations": 1,
          "location": null,
          "numPassingAsserts": 0,
          "status": "passed",
          "title": "should remove focus from field when pressing tab two times"
        },
        {
          "ancestorTitles": ["FormFieldIntegerInput", "When fieldWidth given"],
          "duration": 56,
          "failureDetails": [],
          "failureMessages": [],
          "fullName": "FormFieldIntegerInput When fieldWidth given should not limit input of values",
          "invocations": 1,
          "location": null,
          "numPassingAsserts": 0,
          "status": "passed",
          "title": "should not limit input of values"
        },
        {
          "ancestorTitles": ["FormFieldIntegerInput", "When fieldWidth given"],
          "duration": 2,
          "failureDetails": [],
          "failureMessages": [],
          "fullName": "FormFieldIntegerInput When fieldWidth given should set width class",
          "invocations": 1,
          "location": null,
          "numPassingAsserts": 0,
          "status": "passed",
          "title": "should set width class"
        },
        {
          "ancestorTitles": ["FormFieldIntegerInput", "When maxLength given"],
          "duration": 46,
          "failureDetails": [],
          "failureMessages": [],
          "fullName": "FormFieldIntegerInput When maxLength given should limit input of values",
          "invocations": 1,
          "location": null,
          "numPassingAsserts": 0,
          "status": "passed",
          "title": "should limit input of values"
        },
        {
          "ancestorTitles": ["FormFieldIntegerInput", "When maxLength given"],
          "duration": 6,
          "failureDetails": [],
          "failureMessages": [],
          "fullName": "FormFieldIntegerInput When maxLength given should not set width class",
          "invocations": 1,
          "location": null,
          "numPassingAsserts": 0,
          "status": "passed",
          "title": "should not set width class"
        },
        {
          "ancestorTitles": ["FormFieldIntegerInput", "When maxLength given"],
          "duration": 45,
          "failureDetails": [],
          "failureMessages": [],
          "fullName": "FormFieldIntegerInput When maxLength given should limit input of values when using keyboard",
          "invocations": 1,
          "location": null,
          "numPassingAsserts": 0,
          "status": "passed",
          "title": "should limit input of values when using keyboard"
        }
      ],
      "failureMessage": null
    },
    {
      "leaks": false,
      "numFailingTests": 0,
      "numPassingTests": 5,
      "numPendingTests": 0,
      "numTodoTests": 0,
      "openHandles": [],
      "perfStats": {
        "end": 1651048284403,
        "runtime": 433,
        "slow": false,
        "start": 1651048283970
      },
      "skipped": false,
      "snapshot": {
        "added": 0,
        "fileDeleted": false,
        "matched": 0,
        "unchecked": 0,
        "uncheckedKeys": [],
        "unmatched": 0,
        "updated": 0
      },
      "testFilePath": "/Users/joerdis/Develop/steuerlotse/webapp/client/src/pages/MerkzeichenPage.test.js",
      "testResults": [
        {
          "ancestorTitles": ["MerkzeichenPage default"],
          "duration": 86,
          "failureDetails": [],
          "failureMessages": [],
          "fullName": "MerkzeichenPage default should render step header texts",
          "invocations": 1,
          "location": null,
          "numPassingAsserts": 0,
          "status": "passed",
          "title": "should render step header texts"
        },
        {
          "ancestorTitles": ["MerkzeichenPage default"],
          "duration": 51,
          "failureDetails": [],
          "failureMessages": [],
          "fullName": "MerkzeichenPage default should render pflegegrad field",
          "invocations": 1,
          "location": null,
          "numPassingAsserts": 0,
          "status": "passed",
          "title": "should render pflegegrad field"
        },
        {
          "ancestorTitles": ["MerkzeichenPage default"],
          "duration": 23,
          "failureDetails": [],
          "failureMessages": [],
          "fullName": "MerkzeichenPage default should render disability degree field",
          "invocations": 1,
          "location": null,
          "numPassingAsserts": 0,
          "status": "passed",
          "title": "should render disability degree field"
        },
        {
          "ancestorTitles": ["MerkzeichenPage default"],
          "duration": 30,
          "failureDetails": [],
          "failureMessages": [],
          "fullName": "MerkzeichenPage default should show merkzeichen within fieldset",
          "invocations": 1,
          "location": null,
          "numPassingAsserts": 0,
          "status": "passed",
          "title": "should show merkzeichen within fieldset"
        },
        {
          "ancestorTitles": ["MerkzeichenPage default"],
          "duration": 12,
          "failureDetails": [],
          "failureMessages": [],
          "fullName": "MerkzeichenPage default should link to the previous page",
          "invocations": 1,
          "location": null,
          "numPassingAsserts": 0,
          "status": "passed",
          "title": "should link to the previous page"
        }
      ],
      "failureMessage": null
    },
    {
      "leaks": false,
      "numFailingTests": 0,
      "numPassingTests": 5,
      "numPendingTests": 0,
      "numTodoTests": 0,
      "openHandles": [],
      "perfStats": {
        "end": 1651048284403,
        "runtime": 374,
        "slow": false,
        "start": 1651048284029
      },
      "skipped": false,
      "snapshot": {
        "added": 0,
        "fileDeleted": false,
        "matched": 0,
        "unchecked": 0,
        "uncheckedKeys": [],
        "unmatched": 0,
        "updated": 0
      },
      "testFilePath": "/Users/joerdis/Develop/steuerlotse/webapp/client/src/pages/MerkzeichenPersonAPage.test.js",
      "testResults": [
        {
          "ancestorTitles": ["MerkzeichenPersonAPage default"],
          "duration": 68,
          "failureDetails": [],
          "failureMessages": [],
          "fullName": "MerkzeichenPersonAPage default should render step header texts",
          "invocations": 1,
          "location": null,
          "numPassingAsserts": 0,
          "status": "passed",
          "title": "should render step header texts"
        },
        {
          "ancestorTitles": ["MerkzeichenPersonAPage default"],
          "duration": 46,
          "failureDetails": [],
          "failureMessages": [],
          "fullName": "MerkzeichenPersonAPage default should render pflegegrad field",
          "invocations": 1,
          "location": null,
          "numPassingAsserts": 0,
          "status": "passed",
          "title": "should render pflegegrad field"
        },
        {
          "ancestorTitles": ["MerkzeichenPersonAPage default"],
          "duration": 13,
          "failureDetails": [],
          "failureMessages": [],
          "fullName": "MerkzeichenPersonAPage default should render disability degree field",
          "invocations": 1,
          "location": null,
          "numPassingAsserts": 0,
          "status": "passed",
          "title": "should render disability degree field"
        },
        {
          "ancestorTitles": ["MerkzeichenPersonAPage default"],
          "duration": 26,
          "failureDetails": [],
          "failureMessages": [],
          "fullName": "MerkzeichenPersonAPage default should show merkzeichen within fieldset",
          "invocations": 1,
          "location": null,
          "numPassingAsserts": 0,
          "status": "passed",
          "title": "should show merkzeichen within fieldset"
        },
        {
          "ancestorTitles": ["MerkzeichenPersonAPage default"],
          "duration": 13,
          "failureDetails": [],
          "failureMessages": [],
          "fullName": "MerkzeichenPersonAPage default should link to the previous page",
          "invocations": 1,
          "location": null,
          "numPassingAsserts": 0,
          "status": "passed",
          "title": "should link to the previous page"
        }
      ],
      "failureMessage": null
    },
    {
      "leaks": false,
      "numFailingTests": 0,
      "numPassingTests": 5,
      "numPendingTests": 0,
      "numTodoTests": 0,
      "openHandles": [],
      "perfStats": {
        "end": 1651048284559,
        "runtime": 364,
        "slow": false,
        "start": 1651048284195
      },
      "skipped": false,
      "snapshot": {
        "added": 0,
        "fileDeleted": false,
        "matched": 0,
        "unchecked": 0,
        "uncheckedKeys": [],
        "unmatched": 0,
        "updated": 0
      },
      "testFilePath": "/Users/joerdis/Develop/steuerlotse/webapp/client/src/pages/MerkzeichenPersonBPage.test.js",
      "testResults": [
        {
          "ancestorTitles": ["MerkzeichenPersonBPage default"],
          "duration": 64,
          "failureDetails": [],
          "failureMessages": [],
          "fullName": "MerkzeichenPersonBPage default should render step header texts",
          "invocations": 1,
          "location": null,
          "numPassingAsserts": 0,
          "status": "passed",
          "title": "should render step header texts"
        },
        {
          "ancestorTitles": ["MerkzeichenPersonBPage default"],
          "duration": 46,
          "failureDetails": [],
          "failureMessages": [],
          "fullName": "MerkzeichenPersonBPage default should render pflegegrad field",
          "invocations": 1,
          "location": null,
          "numPassingAsserts": 0,
          "status": "passed",
          "title": "should render pflegegrad field"
        },
        {
          "ancestorTitles": ["MerkzeichenPersonBPage default"],
          "duration": 17,
          "failureDetails": [],
          "failureMessages": [],
          "fullName": "MerkzeichenPersonBPage default should render disability degree field",
          "invocations": 1,
          "location": null,
          "numPassingAsserts": 0,
          "status": "passed",
          "title": "should render disability degree field"
        },
        {
          "ancestorTitles": ["MerkzeichenPersonBPage default"],
          "duration": 34,
          "failureDetails": [],
          "failureMessages": [],
          "fullName": "MerkzeichenPersonBPage default should show merkzeichen within fieldset",
          "invocations": 1,
          "location": null,
          "numPassingAsserts": 0,
          "status": "passed",
          "title": "should show merkzeichen within fieldset"
        },
        {
          "ancestorTitles": ["MerkzeichenPersonBPage default"],
          "duration": 9,
          "failureDetails": [],
          "failureMessages": [],
          "fullName": "MerkzeichenPersonBPage default should link to the previous page",
          "invocations": 1,
          "location": null,
          "numPassingAsserts": 0,
          "status": "passed",
          "title": "should link to the previous page"
        }
      ],
      "failureMessage": null
    },
    {
      "leaks": false,
      "numFailingTests": 0,
      "numPassingTests": 6,
      "numPendingTests": 0,
      "numTodoTests": 0,
      "openHandles": [],
      "perfStats": {
        "end": 1651048284572,
        "runtime": 461,
        "slow": false,
        "start": 1651048284111
      },
      "skipped": false,
      "snapshot": {
        "added": 0,
        "fileDeleted": false,
        "matched": 0,
        "unchecked": 0,
        "uncheckedKeys": [],
        "unmatched": 0,
        "updated": 0
      },
      "testFilePath": "/Users/joerdis/Develop/steuerlotse/webapp/client/src/components/FormFieldDropDown.test.js",
      "testResults": [
        {
          "ancestorTitles": ["FormFieldDropDown"],
          "duration": 108,
          "failureDetails": [],
          "failureMessages": [],
          "fullName": "FormFieldDropDown should select second option",
          "invocations": 1,
          "location": null,
          "numPassingAsserts": 0,
          "status": "passed",
          "title": "should select second option"
        },
        {
          "ancestorTitles": ["FormFieldDropDown"],
          "duration": 27,
          "failureDetails": [],
          "failureMessages": [],
          "fullName": "FormFieldDropDown should call the change handler with B",
          "invocations": 1,
          "location": null,
          "numPassingAsserts": 0,
          "status": "passed",
          "title": "should call the change handler with B"
        },
        {
          "ancestorTitles": ["FormFieldDropDown"],
          "duration": 58,
          "failureDetails": [],
          "failureMessages": [],
          "fullName": "FormFieldDropDown should select third option",
          "invocations": 1,
          "location": null,
          "numPassingAsserts": 0,
          "status": "passed",
          "title": "should select third option"
        },
        {
          "ancestorTitles": ["FormFieldDropDown"],
          "duration": 23,
          "failureDetails": [],
          "failureMessages": [],
          "fullName": "FormFieldDropDown should call the change handler with C",
          "invocations": 1,
          "location": null,
          "numPassingAsserts": 0,
          "status": "passed",
          "title": "should call the change handler with C"
        },
        {
          "ancestorTitles": ["FormFieldDropDown"],
          "duration": 15,
          "failureDetails": [],
          "failureMessages": [],
          "fullName": "FormFieldDropDown should set focus on dropDown when pressing tab",
          "invocations": 1,
          "location": null,
          "numPassingAsserts": 0,
          "status": "passed",
          "title": "should set focus on dropDown when pressing tab"
        },
        {
          "ancestorTitles": ["FormFieldDropDown"],
          "duration": 24,
          "failureDetails": [],
          "failureMessages": [],
          "fullName": "FormFieldDropDown should remove focus from dropDown when pressing tab two times",
          "invocations": 1,
          "location": null,
          "numPassingAsserts": 0,
          "status": "passed",
          "title": "should remove focus from dropDown when pressing tab two times"
        }
      ],
      "failureMessage": null
    },
    {
      "leaks": false,
      "numFailingTests": 0,
      "numPassingTests": 7,
      "numPendingTests": 0,
      "numTodoTests": 0,
      "openHandles": [],
      "perfStats": {
        "end": 1651048284720,
        "runtime": 300,
        "slow": false,
        "start": 1651048284420
      },
      "skipped": false,
      "snapshot": {
        "added": 0,
        "fileDeleted": false,
        "matched": 0,
        "unchecked": 0,
        "uncheckedKeys": [],
        "unmatched": 0,
        "updated": 0
      },
      "testFilePath": "/Users/joerdis/Develop/steuerlotse/webapp/client/src/pages/PauschbetragPage.test.js",
      "testResults": [
        {
          "ancestorTitles": ["With default props"],
          "duration": 59,
          "failureDetails": [],
          "failureMessages": [],
          "fullName": "With default props should render step title text",
          "invocations": 1,
          "location": null,
          "numPassingAsserts": 0,
          "status": "passed",
          "title": "should render step title text"
        },
        {
          "ancestorTitles": ["With default props"],
          "duration": 8,
          "failureDetails": [],
          "failureMessages": [],
          "fullName": "With default props should ignore field option texts",
          "invocations": 1,
          "location": null,
          "numPassingAsserts": 0,
          "status": "passed",
          "title": "should ignore field option texts"
        },
        {
          "ancestorTitles": ["With default props"],
          "duration": 6,
          "failureDetails": [],
          "failureMessages": [],
          "fullName": "With default props should render fields",
          "invocations": 1,
          "location": null,
          "numPassingAsserts": 0,
          "status": "passed",
          "title": "should render fields"
        },
        {
          "ancestorTitles": ["With default props"],
          "duration": 7,
          "failureDetails": [],
          "failureMessages": [],
          "fullName": "With default props should show pauschbetrag value in option yes text",
          "invocations": 1,
          "location": null,
          "numPassingAsserts": 0,
          "status": "passed",
          "title": "should show pauschbetrag value in option yes text"
        },
        {
          "ancestorTitles": ["With default props"],
          "duration": 10,
          "failureDetails": [],
          "failureMessages": [],
          "fullName": "With default props should link to the previous page",
          "invocations": 1,
          "location": null,
          "numPassingAsserts": 0,
          "status": "passed",
          "title": "should link to the previous page"
        },
        {
          "ancestorTitles": ["With yes preselected"],
          "duration": 5,
          "failureDetails": [],
          "failureMessages": [],
          "fullName": "With yes preselected should render selected value yes",
          "invocations": 1,
          "location": null,
          "numPassingAsserts": 0,
          "status": "passed",
          "title": "should render selected value yes"
        },
        {
          "ancestorTitles": ["With no preselected"],
          "duration": 5,
          "failureDetails": [],
          "failureMessages": [],
          "fullName": "With no preselected should render selected value no",
          "invocations": 1,
          "location": null,
          "numPassingAsserts": 0,
          "status": "passed",
          "title": "should render selected value no"
        }
      ],
      "failureMessage": null
    },
    {
      "leaks": false,
      "numFailingTests": 0,
      "numPassingTests": 7,
      "numPendingTests": 0,
      "numTodoTests": 0,
      "openHandles": [],
      "perfStats": {
        "end": 1651048284726,
        "runtime": 292,
        "slow": false,
        "start": 1651048284434
      },
      "skipped": false,
      "snapshot": {
        "added": 0,
        "fileDeleted": false,
        "matched": 0,
        "unchecked": 0,
        "uncheckedKeys": [],
        "unmatched": 0,
        "updated": 0
      },
      "testFilePath": "/Users/joerdis/Develop/steuerlotse/webapp/client/src/pages/UnlockCodeSuccessPage.test.js",
      "testResults": [
        {
          "ancestorTitles": ["UnlockCodeSuccessPage"],
          "duration": 25,
          "failureDetails": [],
          "failureMessages": [],
          "fullName": "UnlockCodeSuccessPage should render step header texts",
          "invocations": 1,
          "location": null,
          "numPassingAsserts": 0,
          "status": "passed",
          "title": "should render step header texts"
        },
        {
          "ancestorTitles": ["UnlockCodeSuccessPage"],
          "duration": 5,
          "failureDetails": [],
          "failureMessages": [],
          "fullName": "UnlockCodeSuccessPage should link to the previous page",
          "invocations": 1,
          "location": null,
          "numPassingAsserts": 0,
          "status": "passed",
          "title": "should link to the previous page"
        },
        {
          "ancestorTitles": ["UnlockCodeSuccessPage"],
          "duration": 4,
          "failureDetails": [],
          "failureMessages": [],
          "fullName": "UnlockCodeSuccessPage should link to download in text",
          "invocations": 1,
          "location": null,
          "numPassingAsserts": 0,
          "status": "passed",
          "title": "should link to download in text"
        },
        {
          "ancestorTitles": ["UnlockCodeSuccessPage"],
          "duration": 15,
          "failureDetails": [],
          "failureMessages": [],
          "fullName": "UnlockCodeSuccessPage should link to download on anchor button",
          "invocations": 1,
          "location": null,
          "numPassingAsserts": 0,
          "status": "passed",
          "title": "should link to download on anchor button"
        },
        {
          "ancestorTitles": ["UnlockCodeSuccessPage"],
          "duration": 24,
          "failureDetails": [],
          "failureMessages": [],
          "fullName": "UnlockCodeSuccessPage should call plausible with name and props, when user clicks on download button",
          "invocations": 1,
          "location": null,
          "numPassingAsserts": 0,
          "status": "passed",
          "title": "should call plausible with name and props, when user clicks on download button"
        },
        {
          "ancestorTitles": ["UnlockCodeSuccessPage"],
          "duration": 16,
          "failureDetails": [],
          "failureMessages": [],
          "fullName": "UnlockCodeSuccessPage should call plausible with name and props, when user clicks on download link",
          "invocations": 1,
          "location": null,
          "numPassingAsserts": 0,
          "status": "passed",
          "title": "should call plausible with name and props, when user clicks on download link"
        },
        {
          "ancestorTitles": ["UnlockCodeSuccessPage"],
          "duration": 31,
          "failureDetails": [],
          "failureMessages": [],
          "fullName": "UnlockCodeSuccessPage should not call plausible if no plausible domain given",
          "invocations": 1,
          "location": null,
          "numPassingAsserts": 0,
          "status": "passed",
          "title": "should not call plausible if no plausible domain given"
        }
      ],
      "failureMessage": null
    },
    {
      "leaks": false,
      "numFailingTests": 0,
      "numPassingTests": 9,
      "numPendingTests": 0,
      "numTodoTests": 0,
      "openHandles": [],
      "perfStats": {
        "end": 1651048284753,
        "runtime": 358,
        "slow": false,
        "start": 1651048284395
      },
      "skipped": false,
      "snapshot": {
        "added": 0,
        "fileDeleted": false,
        "matched": 0,
        "unchecked": 0,
        "uncheckedKeys": [],
        "unmatched": 0,
        "updated": 0
      },
      "testFilePath": "/Users/joerdis/Develop/steuerlotse/webapp/client/src/pages/FahrtkostenpauschalePage.test.js",
      "testResults": [
        {
          "ancestorTitles": ["FahrtkostenpauschalePage default"],
          "duration": 41,
          "failureDetails": [],
          "failureMessages": [],
          "fullName": "FahrtkostenpauschalePage default should render step title text",
          "invocations": 1,
          "location": null,
          "numPassingAsserts": 0,
          "status": "passed",
          "title": "should render step title text"
        },
        {
          "ancestorTitles": ["FahrtkostenpauschalePage default"],
          "duration": 14,
          "failureDetails": [],
          "failureMessages": [],
          "fullName": "FahrtkostenpauschalePage default should ignore step intro text",
          "invocations": 1,
          "location": null,
          "numPassingAsserts": 0,
          "status": "passed",
          "title": "should ignore step intro text"
        },
        {
          "ancestorTitles": ["FahrtkostenpauschalePage default"],
          "duration": 7,
          "failureDetails": [],
          "failureMessages": [],
          "fullName": "FahrtkostenpauschalePage default should ignore field option texts",
          "invocations": 1,
          "location": null,
          "numPassingAsserts": 0,
          "status": "passed",
          "title": "should ignore field option texts"
        },
        {
          "ancestorTitles": ["FahrtkostenpauschalePage default"],
          "duration": 4,
          "failureDetails": [],
          "failureMessages": [],
          "fullName": "FahrtkostenpauschalePage default should render yes no fields",
          "invocations": 1,
          "location": null,
          "numPassingAsserts": 0,
          "status": "passed",
          "title": "should render yes no fields"
        },
        {
          "ancestorTitles": ["FahrtkostenpauschalePage default"],
          "duration": 6,
          "failureDetails": [],
          "failureMessages": [],
          "fullName": "FahrtkostenpauschalePage default should render fahrtkosten choice fields",
          "invocations": 1,
          "location": null,
          "numPassingAsserts": 0,
          "status": "passed",
          "title": "should render fahrtkosten choice fields"
        },
        {
          "ancestorTitles": ["FahrtkostenpauschalePage default"],
          "duration": 4,
          "failureDetails": [],
          "failureMessages": [],
          "fullName": "FahrtkostenpauschalePage default should link to the previous page",
          "invocations": 1,
          "location": null,
          "numPassingAsserts": 0,
          "status": "passed",
          "title": "should link to the previous page"
        },
        {
          "ancestorTitles": [],
          "duration": 4,
          "failureDetails": [],
          "failureMessages": [],
          "fullName": "should render with preselected value yes checked",
          "invocations": 1,
          "location": null,
          "numPassingAsserts": 0,
          "status": "passed",
          "title": "should render with preselected value yes checked"
        },
        {
          "ancestorTitles": [],
          "duration": 4,
          "failureDetails": [],
          "failureMessages": [],
          "fullName": "should render with pre selected value no checked",
          "invocations": 1,
          "location": null,
          "numPassingAsserts": 0,
          "status": "passed",
          "title": "should render with pre selected value no checked"
        },
        {
          "ancestorTitles": [],
          "duration": 55,
          "failureDetails": [],
          "failureMessages": [],
          "fullName": "should call plausible on showOverviewButton click with default goal",
          "invocations": 1,
          "location": null,
          "numPassingAsserts": 0,
          "status": "passed",
          "title": "should call plausible on showOverviewButton click with default goal"
        }
      ],
      "failureMessage": null
    },
    {
      "leaks": false,
      "numFailingTests": 0,
      "numPassingTests": 7,
      "numPendingTests": 0,
      "numTodoTests": 0,
      "openHandles": [],
      "perfStats": {
        "end": 1651048284780,
        "runtime": 313,
        "slow": false,
        "start": 1651048284467
      },
      "skipped": false,
      "snapshot": {
        "added": 0,
        "fileDeleted": false,
        "matched": 0,
        "unchecked": 0,
        "uncheckedKeys": [],
        "unmatched": 0,
        "updated": 0
      },
      "testFilePath": "/Users/joerdis/Develop/steuerlotse/webapp/client/src/pages/DeclarationEDatenPage.test.js",
      "testResults": [
        {
          "ancestorTitles": ["DeclarationEDatenPage"],
          "duration": 22,
          "failureDetails": [],
          "failureMessages": [],
          "fullName": "DeclarationEDatenPage should render step title text",
          "invocations": 1,
          "location": null,
          "numPassingAsserts": 0,
          "status": "passed",
          "title": "should render step title text"
        },
        {
          "ancestorTitles": ["DeclarationEDatenPage"],
          "duration": 4,
          "failureDetails": [],
          "failureMessages": [],
          "fullName": "DeclarationEDatenPage should render back button",
          "invocations": 1,
          "location": null,
          "numPassingAsserts": 0,
          "status": "passed",
          "title": "should render back button"
        },
        {
          "ancestorTitles": ["DeclarationEDatenPage"],
          "duration": 4,
          "failureDetails": [],
          "failureMessages": [],
          "fullName": "DeclarationEDatenPage should render checked value false",
          "invocations": 1,
          "location": null,
          "numPassingAsserts": 0,
          "status": "passed",
          "title": "should render checked value false"
        },
        {
          "ancestorTitles": ["DeclarationEDatenPage"],
          "duration": 4,
          "failureDetails": [],
          "failureMessages": [],
          "fullName": "DeclarationEDatenPage should render checked value true",
          "invocations": 1,
          "location": null,
          "numPassingAsserts": 0,
          "status": "passed",
          "title": "should render checked value true"
        },
        {
          "ancestorTitles": ["DeclarationEDatenPage"],
          "duration": 7,
          "failureDetails": [],
          "failureMessages": [],
          "fullName": "DeclarationEDatenPage should render error value",
          "invocations": 1,
          "location": null,
          "numPassingAsserts": 0,
          "status": "passed",
          "title": "should render error value"
        },
        {
          "ancestorTitles": ["DeclarationEDatenPage"],
          "duration": 51,
          "failureDetails": [],
          "failureMessages": [],
          "fullName": "DeclarationEDatenPage should call plausible on showOverviewButton click with default goal",
          "invocations": 1,
          "location": null,
          "numPassingAsserts": 0,
          "status": "passed",
          "title": "should call plausible on showOverviewButton click with default goal"
        },
        {
          "ancestorTitles": ["DeclarationEDatenPage"],
          "duration": 23,
          "failureDetails": [],
          "failureMessages": [],
          "fullName": "DeclarationEDatenPage should not call plausible if no plausible domain given",
          "invocations": 1,
          "location": null,
          "numPassingAsserts": 0,
          "status": "passed",
          "title": "should not call plausible if no plausible domain given"
        }
      ],
      "failureMessage": null
    },
    {
      "leaks": false,
      "numFailingTests": 0,
      "numPassingTests": 11,
      "numPendingTests": 0,
      "numTodoTests": 0,
      "openHandles": [],
      "perfStats": {
        "end": 1651048284880,
        "runtime": 281,
        "slow": false,
        "start": 1651048284599
      },
      "skipped": false,
      "snapshot": {
        "added": 0,
        "fileDeleted": false,
        "matched": 0,
        "unchecked": 0,
        "uncheckedKeys": [],
        "unmatched": 0,
        "updated": 0
      },
      "testFilePath": "/Users/joerdis/Develop/steuerlotse/webapp/client/src/components/FormFieldSeparatedField.test.js",
      "testResults": [
        {
          "ancestorTitles": ["FormFieldSeparatedField"],
          "duration": 15,
          "failureDetails": [],
          "failureMessages": [],
          "fullName": "FormFieldSeparatedField should show the values",
          "invocations": 1,
          "location": null,
          "numPassingAsserts": 0,
          "status": "passed",
          "title": "should show the values"
        },
        {
          "ancestorTitles": ["FormFieldSeparatedField"],
          "duration": 3,
          "failureDetails": [],
          "failureMessages": [],
          "fullName": "FormFieldSeparatedField should assign the correct ids",
          "invocations": 1,
          "location": null,
          "numPassingAsserts": 0,
          "status": "passed",
          "title": "should assign the correct ids"
        },
        {
          "ancestorTitles": ["FormFieldSeparatedField"],
          "duration": 2,
          "failureDetails": [],
          "failureMessages": [],
          "fullName": "FormFieldSeparatedField should set the lengths",
          "invocations": 1,
          "location": null,
          "numPassingAsserts": 0,
          "status": "passed",
          "title": "should set the lengths"
        },
        {
          "ancestorTitles": ["FormFieldSeparatedField"],
          "duration": 6,
          "failureDetails": [],
          "failureMessages": [],
          "fullName": "FormFieldSeparatedField should show field separators",
          "invocations": 1,
          "location": null,
          "numPassingAsserts": 0,
          "status": "passed",
          "title": "should show field separators"
        },
        {
          "ancestorTitles": ["FormFieldSeparatedField"],
          "duration": 4,
          "failureDetails": [],
          "failureMessages": [],
          "fullName": "FormFieldSeparatedField should show sub field labels if provided",
          "invocations": 1,
          "location": null,
          "numPassingAsserts": 0,
          "status": "passed",
          "title": "should show sub field labels if provided"
        },
        {
          "ancestorTitles": ["FormFieldSeparatedField", "when pasting content"],
          "duration": 4,
          "failureDetails": [],
          "failureMessages": [],
          "fullName": "FormFieldSeparatedField when pasting content should do nothing for mime types other than text/plain",
          "invocations": 1,
          "location": null,
          "numPassingAsserts": 0,
          "status": "passed",
          "title": "should do nothing for mime types other than text/plain"
        },
        {
          "ancestorTitles": ["FormFieldSeparatedField", "when pasting content"],
          "duration": 2,
          "failureDetails": [],
          "failureMessages": [],
          "fullName": "FormFieldSeparatedField when pasting content should distribute content according to field lengths",
          "invocations": 1,
          "location": null,
          "numPassingAsserts": 0,
          "status": "passed",
          "title": "should distribute content according to field lengths"
        },
        {
          "ancestorTitles": ["FormFieldSeparatedField", "when pasting content"],
          "duration": 5,
          "failureDetails": [],
          "failureMessages": [],
          "fullName": "FormFieldSeparatedField when pasting content should discard extra content at the end",
          "invocations": 1,
          "location": null,
          "numPassingAsserts": 0,
          "status": "passed",
          "title": "should discard extra content at the end"
        },
        {
          "ancestorTitles": ["FormFieldSeparatedField", "when pasting content"],
          "duration": 3,
          "failureDetails": [],
          "failureMessages": [],
          "fullName": "FormFieldSeparatedField when pasting content should clear fields if content is too short",
          "invocations": 1,
          "location": null,
          "numPassingAsserts": 0,
          "status": "passed",
[...]
            "line": 71,
            "column": 2
          }
        },
        "5": {
          "start": {
            "line": 73,
            "column": 0
          },
          "end": {
            "line": 78,
            "column": 2
          }
        }
      },
      "fnMap": {
        "0": {
          "name": "FormFieldIdNr",
          "decl": {
            "start": {
              "line": 12,
              "column": 9
            },
            "end": {
              "line": 12,
              "column": 22
            }
          },
          "loc": {
            "start": {
              "line": 21,
              "column": 3
            },
            "end": {
              "line": 60,
              "column": 1
            }
          },
          "line": 21
        },
        "1": {
          "name": "(anonymous_1)",
          "decl": {
            "start": {
              "line": 41,
              "column": 14
            },
            "end": {
              "line": 41,
              "column": 15
            }
          },
          "loc": {
            "start": {
              "line": 43,
              "column": 8
            },
            "end": {
              "line": 56,
              "column": 10
            }
          },
          "line": 43
        }
      },
      "branchMap": {
        "0": {
          "loc": {
            "start": {
              "line": 54,
              "column": 21
            },
            "end": {
              "line": 54,
              "column": 56
            }
          },
          "type": "binary-expr",
          "locations": [
            {
              "start": {
                "line": 54,
                "column": 21
              },
              "end": {
                "line": 54,
                "column": 30
              }
            },
            {
              "start": {
                "line": 54,
                "column": 34
              },
              "end": {
                "line": 54,
                "column": 56
              }
            }
          ],
          "line": 54
        }
      },
      "s": {
        "0": 0,
        "1": 0,
        "2": 0,
        "3": 0,
        "4": 0,
        "5": 0
      },
      "f": {
        "0": 0,
        "1": 0
      },
      "b": {
        "0": [0, 0]
      }
    },
    "/Users/joerdis/Develop/steuerlotse/webapp/client/src/pages/LoginPage.js": {
      "path": "/Users/joerdis/Develop/steuerlotse/webapp/client/src/pages/LoginPage.js",
      "statementMap": {
        "0": {
          "start": {
            "line": 13,
            "column": 16
          },
          "end": {
            "line": 13,
            "column": 32
          }
        },
        "1": {
          "start": {
            "line": 15,
            "column": 2
          },
          "end": {
            "line": 56,
            "column": 4
          }
        },
        "2": {
          "start": {
            "line": 59,
            "column": 0
          },
          "end": {
            "line": 75,
            "column": 2
          }
        }
      },
      "fnMap": {
        "0": {
          "name": "LoginPage",
          "decl": {
            "start": {
              "line": 12,
              "column": 24
            },
            "end": {
              "line": 12,
              "column": 33
            }
          },
          "loc": {
            "start": {
              "line": 12,
              "column": 64
            },
            "end": {
              "line": 57,
              "column": 1
            }
          },
          "line": 12
        }
      },
      "branchMap": {},
      "s": {
        "0": 0,
        "1": 0,
        "2": 0
      },
      "f": {
        "0": 0
      },
      "b": {}
    },
    "/Users/joerdis/Develop/steuerlotse/webapp/client/src/pages/RevocationPage.js": {
      "path": "/Users/joerdis/Develop/steuerlotse/webapp/client/src/pages/RevocationPage.js",
      "statementMap": {
        "0": {
          "start": {
            "line": 13,
            "column": 16
          },
          "end": {
            "line": 13,
            "column": 32
          }
        },
        "1": {
          "start": {
            "line": 15,
            "column": 2
          },
          "end": {
            "line": 51,
            "column": 4
          }
        },
        "2": {
          "start": {
            "line": 54,
            "column": 0
          },
          "end": {
            "line": 68,
            "column": 2
          }
        }
      },
      "fnMap": {
        "0": {
          "name": "RevocationPage",
          "decl": {
            "start": {
              "line": 12,
              "column": 24
            },
            "end": {
              "line": 12,
              "column": 38
            }
          },
          "loc": {
            "start": {
              "line": 12,
              "column": 69
            },
            "end": {
              "line": 52,
              "column": 1
            }
          },
          "line": 12
        }
      },
      "branchMap": {},
      "s": {
        "0": 0,
        "1": 0,
        "2": 0
      },
      "f": {
        "0": 0
      },
      "b": {}
    },
    "/Users/joerdis/Develop/steuerlotse/webapp/client/src/pages/LoginFailurePage.js": {
      "path": "/Users/joerdis/Develop/steuerlotse/webapp/client/src/pages/LoginFailurePage.js",
      "statementMap": {
        "0": {
          "start": {
            "line": 8,
            "column": 31
          },
          "end": {
            "line": 13,
            "column": 1
          }
        },
        "1": {
          "start": {
            "line": 21,
            "column": 16
          },
          "end": {
            "line": 21,
            "column": 32
          }
        },
        "2": {
          "start": {
            "line": 22,
            "column": 2
          },
          "end": {
            "line": 56,
            "column": 4
          }
        },
        "3": {
          "start": {
            "line": 59,
            "column": 0
          },
          "end": {
            "line": 67,
            "column": 2
          }
        }
      },
      "fnMap": {
        "0": {
          "name": "LoginFailurePage",
          "decl": {
            "start": {
              "line": 15,
              "column": 24
            },
            "end": {
              "line": 15,
              "column": 40
            }
          },
          "loc": {
            "start": {
              "line": 20,
              "column": 3
            },
            "end": {
              "line": 57,
              "column": 1
            }
          },
          "line": 20
        }
      },
      "branchMap": {},
      "s": {
        "0": 0,
        "1": 0,
        "2": 0,
        "3": 0
      },
      "f": {
        "0": 0
      },
      "b": {}
    },
    "/Users/joerdis/Develop/steuerlotse/webapp/client/src/pages/ConfirmationPage.js": {
      "path": "/Users/joerdis/Develop/steuerlotse/webapp/client/src/pages/ConfirmationPage.js",
      "statementMap": {
        "0": {
          "start": {
            "line": 18,
            "column": 16
          },
          "end": {
            "line": 18,
            "column": 32
          }
        },
        "1": {
          "start": {
            "line": 20,
            "column": 2
          },
          "end": {
            "line": 71,
            "column": 4
          }
        },
        "2": {
          "start": {
            "line": 74,
            "column": 0
          },
          "end": {
            "line": 92,
            "column": 2
          }
        }
      },
      "fnMap": {
        "0": {
          "name": "ConfirmationPage",
          "decl": {
            "start": {
              "line": 10,
              "column": 24
            },
            "end": {
              "line": 10,
              "column": 40
            }
          },
          "loc": {
            "start": {
              "line": 17,
              "column": 3
            },
            "end": {
              "line": 72,
              "column": 1
            }
          },
          "line": 17
        }
      },
      "branchMap": {},
      "s": {
        "0": 0,
        "1": 0,
        "2": 0
      },
      "f": {
        "0": 0
      },
      "b": {}
    },
    "/Users/joerdis/Develop/steuerlotse/webapp/client/src/pages/PauschbetragPersonAPage.js": {
      "path": "/Users/joerdis/Develop/steuerlotse/webapp/client/src/pages/PauschbetragPersonAPage.js",
      "statementMap": {
        "0": {
          "start": {
            "line": 14,
            "column": 25
          },
          "end": {
            "line": 16,
            "column": 3
          }
        },
        "1": {
          "start": {
            "line": 18,
            "column": 2
          },
          "end": {
            "line": 30,
            "column": 4
          }
        },
        "2": {
          "start": {
            "line": 33,
            "column": 0
          },
          "end": {
            "line": 47,
            "column": 2
          }
        },
        "3": {
          "start": {
            "line": 49,
            "column": 0
          },
          "end": {
            "line": 51,
            "column": 2
          }
        }
      },
      "fnMap": {
        "0": {
          "name": "PauschbetragPersonAPage",
          "decl": {
            "start": {
              "line": 6,
              "column": 24
            },
            "end": {
              "line": 6,
              "column": 47
            }
          },
          "loc": {
            "start": {
              "line": 13,
              "column": 3
            },
            "end": {
              "line": 31,
              "column": 1
            }
          },
          "line": 13
        }
      },
      "branchMap": {},
      "s": {
        "0": 0,
        "1": 0,
        "2": 0,
        "3": 0
      },
      "f": {
        "0": 0
      },
      "b": {}
    },
    "/Users/joerdis/Develop/steuerlotse/webapp/client/src/pages/DeclarationIncomesPage.js": {
      "path": "/Users/joerdis/Develop/steuerlotse/webapp/client/src/pages/DeclarationIncomesPage.js",
      "statementMap": {
        "0": {
          "start": {
            "line": 12,
            "column": 18
          },
          "end": {
            "line": 27,
            "column": 1
          }
        },
        "1": {
          "start": {
            "line": 35,
            "column": 16
          },
          "end": {
            "line": 35,
            "column": 32
          }
        },
        "2": {
          "start": {
            "line": 36,
            "column": 25
          },
          "end": {
            "line": 36,
            "column": 73
          }
        },
        "3": {
          "start": {
            "line": 38,
            "column": 2
          },
          "end": {
            "line": 63,
            "column": 4
          }
        },
        "4": {
          "start": {
            "line": 66,
            "column": 0
          },
          "end": {
            "line": 81,
            "column": 2
          }
        },
        "5": {
          "start": {
            "line": 83,
            "column": 0
          },
          "end": {
            "line": 85,
            "column": 2
          }
        }
      },
      "fnMap": {
        "0": {
          "name": "DeclarationIncomesPage",
          "decl": {
            "start": {
              "line": 29,
              "column": 24
            },
            "end": {
              "line": 29,
              "column": 46
            }
          },
          "loc": {
            "start": {
              "line": 34,
              "column": 3
            },
            "end": {
              "line": 64,
              "column": 1
            }
          },
          "line": 34
        }
      },
      "branchMap": {},
      "s": {
        "0": 0,
        "1": 0,
        "2": 0,
        "3": 0,
        "4": 0,
        "5": 0
      },
      "f": {
        "0": 0
      },
      "b": {}
    },
    "/Users/joerdis/Develop/steuerlotse/webapp/client/src/pages/HasDisabilityPersonBPage.js": {
      "path": "/Users/joerdis/Develop/steuerlotse/webapp/client/src/pages/HasDisabilityPersonBPage.js",
      "statementMap": {
        "0": {
          "start": {
            "line": 14,
            "column": 16
          },
          "end": {
            "line": 14,
            "column": 32
          }
        },
        "1": {
          "start": {
            "line": 15,
            "column": 25
          },
          "end": {
            "line": 17,
            "column": 3
          }
        },
        "2": {
          "start": {
            "line": 19,
            "column": 26
          },
          "end": {
            "line": 21,
            "column": 3
          }
        },
        "3": {
          "start": {
            "line": 20,
            "column": 4
          },
          "end": {
            "line": 20,
            "column": 70
          }
        },
        "4": {
          "start": {
            "line": 23,
            "column": 2
          },
          "end": {
            "line": 36,
            "column": 4
          }
        },
        "5": {
          "start": {
            "line": 39,
            "column": 0
          },
          "end": {
            "line": 54,
            "column": 2
          }
        },
        "6": {
          "start": {
            "line": 56,
            "column": 0
          },
          "end": {
            "line": 58,
            "column": 2
          }
        }
      },
      "fnMap": {
        "0": {
          "name": "HasDisabilityPersonBPage",
          "decl": {
            "start": {
              "line": 7,
              "column": 24
            },
            "end": {
              "line": 7,
              "column": 48
            }
          },
          "loc": {
            "start": {
              "line": 13,
              "column": 3
            },
            "end": {
              "line": 37,
              "column": 1
            }
          },
          "line": 13
        },
        "1": {
          "name": "translationBold",
          "decl": {
            "start": {
              "line": 19,
              "column": 35
            },
            "end": {
              "line": 19,
              "column": 50
            }
          },
          "loc": {
            "start": {
              "line": 19,
              "column": 56
            },
            "end": {
              "line": 21,
              "column": 3
            }
          },
          "line": 19
        }
      },
      "branchMap": {},
      "s": {
        "0": 0,
        "1": 0,
        "2": 0,
        "3": 0,
        "4": 0,
        "5": 0,
        "6": 0
      },
      "f": {
        "0": 0,
        "1": 0
      },
      "b": {}
    },
    "/Users/joerdis/Develop/steuerlotse/webapp/client/src/pages/StmindSelectionPage.js": {
      "path": "/Users/joerdis/Develop/steuerlotse/webapp/client/src/pages/StmindSelectionPage.js",
      "statementMap": {
        "0": {
          "start": {
            "line": 22,
            "column": 16
          },
          "end": {
            "line": 22,
            "column": 32
          }
        },
        "1": {
          "start": {
            "line": 23,
            "column": 25
          },
          "end": {
            "line": 23,
            "column": 71
          }
        },
        "2": {
          "start": {
            "line": 25,
            "column": 2
          },
          "end": {
            "line": 82,
            "column": 4
          }
        },
        "3": {
          "start": {
            "line": 85,
            "column": 0
          },
          "end": {
            "line": 106,
            "column": 2
          }
        },
        "4": {
          "start": {
            "line": 108,
            "column": 0
          },
          "end": {
            "line": 110,
            "column": 2
          }
        }
      },
      "fnMap": {
        "0": {
          "name": "StmindSelectionPage",
          "decl": {
            "start": {
              "line": 15,
              "column": 24
            },
            "end": {
              "line": 15,
              "column": 43
            }
          },
          "loc": {
            "start": {
              "line": 21,
              "column": 3
            },
            "end": {
              "line": 83,
              "column": 1
            }
          },
          "line": 21
        }
      },
      "branchMap": {},
      "s": {
        "0": 0,
        "1": 0,
        "2": 0,
        "3": 0,
        "4": 0
      },
      "f": {
        "0": 0
      },
      "b": {}
    },
    "/Users/joerdis/Develop/steuerlotse/webapp/client/src/pages/RegistrationPage.js": {
      "path": "/Users/joerdis/Develop/steuerlotse/webapp/client/src/pages/RegistrationPage.js",
      "statementMap": {
        "0": {
          "start": {
            "line": 24,
            "column": 16
          },
          "end": {
            "line": 24,
            "column": 32
          }
        },
        "1": {
          "start": {
            "line": 26,
            "column": 2
          },
          "end": {
            "line": 172,
            "column": 4
          }
        },
        "2": {
          "start": {
            "line": 175,
            "column": 0
          },
          "end": {
            "line": 198,
            "column": 2
          }
        }
      },
      "fnMap": {
        "0": {
          "name": "RegistrationPage",
          "decl": {
            "start": {
              "line": 15,
              "column": 24
            },
            "end": {
              "line": 15,
              "column": 40
            }
          },
          "loc": {
            "start": {
              "line": 23,
              "column": 3
            },
            "end": {
              "line": 173,
              "column": 1
            }
          },
          "line": 23
        }
      },
      "branchMap": {},
      "s": {
        "0": 0,
        "1": 0,
        "2": 0
      },
      "f": {
        "0": 0
      },
      "b": {}
    },
    "/Users/joerdis/Develop/steuerlotse/webapp/client/src/pages/FahrtkostenpauschalePersonAPage.js": {
      "path": "/Users/joerdis/Develop/steuerlotse/webapp/client/src/pages/FahrtkostenpauschalePersonAPage.js",
      "statementMap": {
        "0": {
          "start": {
            "line": 14,
            "column": 25
          },
          "end": {
            "line": 16,
            "column": 3
          }
        },
        "1": {
          "start": {
            "line": 18,
            "column": 2
          },
          "end": {
            "line": 30,
            "column": 4
          }
        },
        "2": {
          "start": {
            "line": 33,
            "column": 0
          },
          "end": {
            "line": 47,
            "column": 2
          }
        },
        "3": {
          "start": {
            "line": 49,
            "column": 0
          },
          "end": {
            "line": 51,
            "column": 2
          }
        }
      },
      "fnMap": {
        "0": {
          "name": "FahrtkostenpauschalePersonAPage",
          "decl": {
            "start": {
              "line": 6,
              "column": 24
            },
            "end": {
              "line": 6,
              "column": 55
            }
          },
          "loc": {
            "start": {
              "line": 13,
              "column": 3
            },
            "end": {
              "line": 31,
              "column": 1
            }
          },
          "line": 13
        }
      },
      "branchMap": {},
      "s": {
        "0": 0,
        "1": 0,
        "2": 0,
        "3": 0
      },
      "f": {
        "0": 0
      },
      "b": {}
    }
  }
}
